commit 4a31a0e00741a44de92ce16078196e4c2cae71de
Merge: 7fda9cc a65676e
Author: 松井英 <241205160@ccmailg.meijo-u.ac.jp>
Date:   Mon May 19 14:31:36 2025 +0900

    Merge branch 'main' of https://github.com/hana2187/241205160-git-workshop

commit 7fda9cc2903b6a3c0fa38ade100a8ca2ed91212c
Author: 松井英 <241205160@ccmailg.meijo-u.ac.jp>
Date:   Mon May 19 14:25:15 2025 +0900

    blueをskyblueに変更

commit a65676e01f3c80f9605c56718296b3281707f9ce
Author: 松井英 <241205160@ccmailg.meijo-u.ac.jp>
Date:   Mon May 19 14:20:04 2025 +0900

    skyblueに変更

commit b6526901c8f9fa1ec389a1dd2237c68bcb2e5e06
Author: 松井英 <241205160@ccmailg.meijo-u.ac.jp>
Date:   Mon May 19 14:12:53 2025 +0900

    Update tetris.js

commit adc416b2092af427b307e91bd9985ff3ca38dc4e
Author: 松井英 <241205160@ccmailg.meijo-u.ac.jp>
Date:   Mon May 19 14:12:42 2025 +0900

    Update tetris.js

commit 53391da76f381e3da79676a3d56f1b53e57cbdd2
Author: 松井英 <241205160@ccmailg.meijo-u.ac.jp>
Date:   Mon May 19 14:02:53 2025 +0900

    limeに変更

commit c932045d5bb49a942e3f51ac90f517231590a0b0
Author: 松井英 <241205160@ccmailg.meijo-u.ac.jp>
Date:   Mon May 19 14:01:19 2025 +0900

    Update tetris.js

commit 50514a8aef2b8306c96e33fe1feeffcc6de7007c
Author: 松井英 <241205160@ccmailg.meijo-u.ac.jp>
Date:   Mon May 19 13:48:59 2025 +0900

    色変えた

commit edcc0594ccbe5932f192886d49ead9e4190f8c7b
Author: 松井英 <241205160@ccmailg.meijo-u.ac.jp>
Date:   Mon May 19 13:40:31 2025 +0900

    canvas-tetrisのソースコードをインポート
